<?xml version="1.0" encoding="UTF-8"?>
<testng-results skipped="0" failed="0" ignored="0" total="1" passed="1">
  <reporter-output>
  </reporter-output>
  <suite name="Default suite" duration-ms="10371" started-at="2019-05-27T19:57:50Z" finished-at="2019-05-27T19:58:00Z">
    <groups>
    </groups>
    <test name="Default test" duration-ms="10371" started-at="2019-05-27T19:57:50Z" finished-at="2019-05-27T19:58:00Z">
      <class name="test.tests.Desafio1">
        <test-method status="PASS" signature="desafio1()[pri:0, instance:test.tests.Desafio1@55f3ddb1]" name="desafio1" duration-ms="9702" started-at="2019-05-27T19:57:50Z" description="001 - Dasafio 1" finished-at="2019-05-27T19:58:00Z">
          <reporter-output>
          </reporter-output>
        </test-method> <!-- desafio1 -->
        <test-method status="PASS" signature="closeBrowser()[pri:0, instance:test.tests.Desafio1@55f3ddb1]" name="closeBrowser" is-config="true" duration-ms="652" started-at="2019-05-27T19:58:00Z" finished-at="2019-05-27T19:58:00Z">
          <reporter-output>
          </reporter-output>
        </test-method> <!-- closeBrowser -->
      </class> <!-- test.tests.Desafio1 -->
    </test> <!-- Default test -->
  </suite> <!-- Default suite -->
</testng-results>
